{"level":"info","message":{"date":"26-07-2024","method":"POST","name":"Nhân viên truy cập hệ thống","status":200,"time":"09:20:49","url":"/employee/login"},"timestamp":"2024-07-26T02:20:49.920Z"}
{"level":"info","message":{"date":"26-07-2024","method":"POST","name":"Nhân viên truy cập hệ thống","status":200,"time":"09:29:22","url":"/employee/login"},"timestamp":"2024-07-26T02:29:22.790Z"}
{"level":"info","message":{"date":"26-07-2024","method":"POST","name":"Nhân viên truy cập hệ thống","status":200,"time":"09:31:22","url":"/employee/login"},"timestamp":"2024-07-26T02:31:22.845Z"}
{"level":"info","message":{"date":"26-07-2024","method":"POST","name":"Nhân viên truy cập hệ thống","status":200,"time":"09:32:13","url":"/employee/login"},"timestamp":"2024-07-26T02:32:13.854Z"}
{"level":"info","message":{"date":"26-07-2024","method":"POST","name":"Nhân viên truy cập hệ thống","status":200,"time":"09:34:04","url":"/employee/login"},"timestamp":"2024-07-26T02:34:04.594Z"}
{"level":"info","message":{"date":"26-07-2024","method":"POST","name":"Nhân viên truy cập hệ thống","status":200,"time":"09:34:26","url":"/employee/login"},"timestamp":"2024-07-26T02:34:26.361Z"}
{"level":"info","message":{"date":"26-07-2024","method":"POST","name":"Nhân viên truy cập hệ thống","status":200,"time":"09:36:18","url":"/employee/login"},"timestamp":"2024-07-26T02:36:18.162Z"}
{"level":"info","message":{"date":"26-07-2024","method":"POST","name":"Nhân viên truy cập hệ thống","status":200,"time":"09:39:33","url":"/employee/login"},"timestamp":"2024-07-26T02:39:33.671Z"}
{"level":"info","message":{"date":"26-07-2024","method":"POST","name":"Nhân viên truy cập hệ thống","status":200,"time":"09:39:45","url":"/employee/login"},"timestamp":"2024-07-26T02:39:45.988Z"}
{"level":"info","message":{"date":"26-07-2024","method":"POST","name":"N/A","status":400,"time":"11:03:53","url":"/collaborator/login"},"timestamp":"2024-07-26T04:03:53.317Z"}
{"level":"info","message":{"date":"26-07-2024","method":"POST","name":"N/A","status":200,"time":"11:04:29","url":"/collaborator/login"},"timestamp":"2024-07-26T04:04:29.259Z"}
{"level":"info","message":{"date":"26-07-2024","method":"POST","name":"N/A","status":200,"time":"11:04:29","url":"/collaborator/send-email"},"timestamp":"2024-07-26T04:04:29.424Z"}
{"level":"info","message":{"date":"26-07-2024","method":"POST","name":"N/A","status":200,"time":"14:15:24","url":"/campaign/add-campaign-collaborator"},"timestamp":"2024-07-26T07:15:24.854Z"}
{"level":"info","message":{"date":"26-07-2024","method":"POST","name":"N/A","status":200,"time":"14:17:25","url":"/collaborator/login"},"timestamp":"2024-07-26T07:17:25.220Z"}
{"level":"info","message":{"date":"26-07-2024","method":"POST","name":"N/A","status":200,"time":"14:17:25","url":"/collaborator/send-email"},"timestamp":"2024-07-26T07:17:25.260Z"}
{"level":"info","message":{"date":"26-07-2024","method":"POST","name":"N/A","status":200,"time":"14:17:33","url":"/campaign/add-campaign-collaborator"},"timestamp":"2024-07-26T07:17:33.956Z"}
{"level":"info","message":{"date":"26-07-2024","method":"POST","name":"N/A","status":200,"time":"14:32:06","url":"/collaborator/login"},"timestamp":"2024-07-26T07:32:06.022Z"}
{"level":"info","message":{"date":"26-07-2024","method":"POST","name":"N/A","status":200,"time":"14:32:06","url":"/collaborator/send-email"},"timestamp":"2024-07-26T07:32:06.078Z"}
{"level":"info","message":{"date":"26-07-2024","method":"POST","name":"N/A","status":200,"time":"14:32:17","url":"/campaign/add-campaign-collaborator"},"timestamp":"2024-07-26T07:32:17.068Z"}
{"level":"info","message":{"date":"27-07-2024","method":"POST","name":"N/A","status":200,"time":"08:16:49","url":"/collaborator/login"},"timestamp":"2024-07-27T01:16:49.661Z"}
{"level":"info","message":{"date":"27-07-2024","method":"POST","name":"N/A","status":200,"time":"08:16:49","url":"/collaborator/send-email"},"timestamp":"2024-07-27T01:16:49.782Z"}
{"level":"info","message":{"date":"27-07-2024","method":"POST","name":"N/A","status":200,"time":"09:41:51","url":"/collaborator/login"},"timestamp":"2024-07-27T02:41:51.837Z"}
{"level":"info","message":{"date":"27-07-2024","method":"POST","name":"N/A","status":200,"time":"09:41:51","url":"/collaborator/send-email"},"timestamp":"2024-07-27T02:41:51.890Z"}
{"level":"info","message":{"date":"27-07-2024","method":"POST","name":"N/A","status":200,"time":"10:41:47","url":"/collaborator/login"},"timestamp":"2024-07-27T03:41:47.486Z"}
{"level":"info","message":{"date":"27-07-2024","method":"POST","name":"N/A","status":200,"time":"10:41:47","url":"/collaborator/send-email"},"timestamp":"2024-07-27T03:41:47.645Z"}
{"level":"info","message":{"date":"27-07-2024","method":"POST","name":"N/A","status":200,"time":"10:48:39","url":"/collaborator/login"},"timestamp":"2024-07-27T03:48:39.825Z"}
{"level":"info","message":{"date":"27-07-2024","method":"POST","name":"N/A","status":200,"time":"10:48:40","url":"/collaborator/send-email"},"timestamp":"2024-07-27T03:48:40.200Z"}
{"level":"info","message":{"date":"27-07-2024","method":"POST","name":"N/A","status":200,"time":"11:15:31","url":"/collaborator/login"},"timestamp":"2024-07-27T04:15:31.473Z"}
{"level":"info","message":{"date":"27-07-2024","method":"POST","name":"N/A","status":200,"time":"11:15:31","url":"/collaborator/send-email"},"timestamp":"2024-07-27T04:15:31.806Z"}
{"level":"info","message":{"date":"01-08-2024","method":"POST","name":"N/A","status":400,"time":"10:52:44","url":"/collaborator/login"},"timestamp":"2024-08-01T03:52:44.639Z"}
{"level":"info","message":{"date":"01-08-2024","method":"POST","name":"N/A","status":400,"time":"10:52:50","url":"/collaborator/login"},"timestamp":"2024-08-01T03:52:50.555Z"}
{"level":"info","message":{"date":"01-08-2024","method":"POST","name":"N/A","status":400,"time":"10:53:01","url":"/collaborator/login"},"timestamp":"2024-08-01T03:53:01.877Z"}
{"level":"info","message":{"date":"01-08-2024","method":"POST","name":"N/A","status":200,"time":"10:53:17","url":"/collaborator/login"},"timestamp":"2024-08-01T03:53:17.832Z"}
{"level":"info","message":{"date":"01-08-2024","method":"POST","name":"N/A","status":200,"time":"10:53:17","url":"/collaborator/send-email"},"timestamp":"2024-08-01T03:53:17.992Z"}
{"level":"info","message":{"date":"01-08-2024","method":"POST","name":"Nhân viên truy cập hệ thống","status":200,"time":"11:30:00","url":"/employee/login"},"timestamp":"2024-08-01T04:30:00.363Z"}
{"level":"info","message":{"date":"01-08-2024","id":"hahoanglong08082001@gmail.com","method":"POST","name":"Nhân viên truy cập hệ thống","status":200,"time":"15:51:39","url":"/employee/login"},"timestamp":"2024-08-01T08:51:39.606Z"}
{"level":"info","message":{"date":"02-08-2024","method":"POST","name":"N/A","status":500,"time":"09:59:01","url":"/collaborator/login"},"timestamp":"2024-08-02T02:59:01.571Z"}
{"level":"info","message":{"date":"02-08-2024","method":"POST","name":"N/A","status":500,"time":"10:00:18","url":"/collaborator/login"},"timestamp":"2024-08-02T03:00:18.561Z"}
{"level":"info","message":{"date":"02-08-2024","method":"POST","name":"N/A","status":200,"time":"10:02:00","url":"/collaborator/login"},"timestamp":"2024-08-02T03:02:00.154Z"}
{"level":"info","message":{"date":"02-08-2024","method":"POST","name":"N/A","status":200,"time":"10:02:00","url":"/collaborator/send-email"},"timestamp":"2024-08-02T03:02:00.193Z"}
{"level":"info","message":{"date":"02-08-2024","method":"POST","name":"N/A","status":200,"time":"10:06:42","url":"/collaborator/login"},"timestamp":"2024-08-02T03:06:42.050Z"}
{"level":"info","message":{"date":"02-08-2024","method":"POST","name":"N/A","status":200,"time":"10:06:42","url":"/collaborator/send-email"},"timestamp":"2024-08-02T03:06:42.098Z"}
{"level":"info","message":{"date":"02-08-2024","method":"POST","name":"N/A","status":400,"time":"10:07:09","url":"/collaborator/login"},"timestamp":"2024-08-02T03:07:09.281Z"}
{"level":"info","message":{"date":"02-08-2024","method":"POST","name":"N/A","status":200,"time":"10:07:22","url":"/collaborator/login"},"timestamp":"2024-08-02T03:07:22.939Z"}
{"level":"info","message":{"date":"02-08-2024","method":"POST","name":"N/A","status":200,"time":"10:07:22","url":"/collaborator/send-email"},"timestamp":"2024-08-02T03:07:22.983Z"}
{"level":"info","message":{"date":"02-08-2024","method":"POST","name":"0969889569 thực hiện lệnh rút","name_action":"0969889569","status":200,"time":"10:07:26","url":"/commission/draw"},"timestamp":"2024-08-02T03:07:26.220Z"}
{"level":"info","message":{"date":"02-08-2024","method":"POST","name":"0969889569 thực hiện lệnh rút","name_action":"0969889569","status":200,"time":"11:02:27","url":"/collaborator/login"},"timestamp":"2024-08-02T04:02:27.923Z"}
{"level":"info","message":{"date":"02-08-2024","method":"POST","name":"0969889569 thực hiện lệnh rút","name_action":"0969889569","status":200,"time":"11:02:28","url":"/collaborator/send-email"},"timestamp":"2024-08-02T04:02:28.139Z"}
{"level":"info","message":{"date":"02-08-2024","method":"POST","name":"0969889569 thực hiện lệnh rút","name_action":"0969889569","status":200,"time":"11:49:29","url":"/collaborator/login"},"timestamp":"2024-08-02T04:49:29.408Z"}
{"level":"info","message":{"date":"02-08-2024","method":"POST","name":"0969889569 thực hiện lệnh rút","name_action":"0969889569","status":200,"time":"11:49:29","url":"/collaborator/send-email"},"timestamp":"2024-08-02T04:49:29.541Z"}
{"level":"info","message":{"date":"02-08-2024","method":"POST","name":"0966335336 thực hiện lệnh rút","name_action":"0966335336","status":200,"time":"11:53:44","url":"/commission/draw"},"timestamp":"2024-08-02T04:53:44.767Z"}
{"level":"info","message":{"date":"02-08-2024","method":"POST","name":"0966335336 thực hiện lệnh rút","name_action":"0966335336","status":200,"time":"11:53:44","url":"/commission/draw"},"timestamp":"2024-08-02T04:53:44.802Z"}
{"level":"info","message":{"date":"02-08-2024","method":"POST","name":"0966335336 thực hiện lệnh rút","name_action":"0966335336","status":200,"time":"11:53:44","url":"/commission/draw"},"timestamp":"2024-08-02T04:53:44.805Z"}
{"level":"info","message":{"date":"02-08-2024","method":"POST","name":"0966335336 thực hiện lệnh rút","name_action":"0966335336","status":200,"time":"11:53:44","url":"/commission/draw"},"timestamp":"2024-08-02T04:53:44.810Z"}
{"level":"info","message":{"date":"02-08-2024","method":"POST","name":"0966335336 thực hiện lệnh rút","name_action":"0966335336","status":200,"time":"11:53:44","url":"/commission/draw"},"timestamp":"2024-08-02T04:53:44.827Z"}
{"level":"info","message":{"date":"04-08-2024","method":"POST","name":"N/A","status":200,"time":"12:51:17","url":"/collaborator/login"},"timestamp":"2024-08-04T05:51:17.087Z"}
{"level":"info","message":{"date":"04-08-2024","method":"POST","name":"N/A","status":200,"time":"12:51:17","url":"/collaborator/send-email"},"timestamp":"2024-08-04T05:51:17.144Z"}
{"level":"info","message":{"date":"04-08-2024","method":"POST","name":"N/A","status":200,"time":"18:46:46","url":"/collaborator/register"},"timestamp":"2024-08-04T11:46:46.794Z"}
{"level":"info","message":{"date":"04-08-2024","method":"POST","name":"N/A","status":200,"time":"19:07:27","url":"/collaborator/login"},"timestamp":"2024-08-04T12:07:27.393Z"}
{"level":"info","message":{"date":"04-08-2024","method":"POST","name":"N/A","status":200,"time":"19:07:27","url":"/collaborator/send-email"},"timestamp":"2024-08-04T12:07:27.446Z"}
{"level":"info","message":{"date":"04-08-2024","method":"POST","name":"N/A","status":200,"time":"19:11:29","url":"/collaborator/register"},"timestamp":"2024-08-04T12:11:29.191Z"}
{"level":"info","message":{"date":"04-08-2024","method":"POST","name":"N/A","status":200,"time":"19:56:09","url":"/collaborator/login"},"timestamp":"2024-08-04T12:56:09.046Z"}
{"level":"info","message":{"date":"04-08-2024","method":"POST","name":"N/A","status":200,"time":"19:56:09","url":"/collaborator/send-email"},"timestamp":"2024-08-04T12:56:09.099Z"}
{"level":"info","message":{"date":"04-08-2024","method":"POST","name":"N/A","status":200,"time":"20:01:29","url":"/collaborator/register"},"timestamp":"2024-08-04T13:01:29.936Z"}
{"level":"info","message":{"date":"06-08-2024","method":"POST","name":"N/A","status":200,"time":"14:05:51","url":"/collaborator/login"},"timestamp":"2024-08-06T07:05:51.333Z"}
{"level":"info","message":{"date":"06-08-2024","method":"POST","name":"N/A","status":200,"time":"14:05:51","url":"/collaborator/send-email"},"timestamp":"2024-08-06T07:05:51.559Z"}
